<?xml version="1.0" encoding="UTF-8"?>
<!-- Generated by org.testng.reporters.JUnitReportReporter -->
<testsuite skipped="0" hostname="DESKTOP-I8CQSLK" name="tests.Tests" tests="1" failures="0" timestamp="2021-04-17T12:31:28 ART" time="19.872" errors="0">
  <testcase name="pruebaUno" time="19.872" classname="tests.Tests"/>
  <system-out/>
</testsuite> <!-- tests.Tests -->
